  [4;36;1mSQL (0.000334)[0m   [0;1m SELECT name
 FROM sqlite_master
 WHERE type = 'table' AND NOT name = 'sqlite_sequence'
[0m
  [4;35;1mSQL (0.000167)[0m   [0mselect sqlite_version(*)[0m
  [4;36;1mSQL (0.070565)[0m   [0;1mCREATE TABLE "schema_migrations" ("version" varchar(255) NOT NULL) [0m
  [4;35;1mSQL (0.001954)[0m   [0mCREATE UNIQUE INDEX "unique_schema_migrations" ON "schema_migrations" ("version")[0m
  [4;36;1mSQL (0.000352)[0m   [0;1m SELECT name
 FROM sqlite_master
 WHERE type = 'table' AND NOT name = 'sqlite_sequence'
[0m
  [4;35;1mSQL (0.000160)[0m   [0mSELECT version FROM schema_migrations[0m
  [4;36;1mSQL (0.000544)[0m   [0;1m SELECT name
 FROM sqlite_master
 WHERE type = 'table' AND NOT name = 'sqlite_sequence'
[0m
  [4;35;1mSQL (0.000195)[0m   [0mSELECT version FROM schema_migrations[0m
Migrating to CreateStock (20081005194611)
  [4;36;1mSQL (0.000197)[0m   [0;1mselect sqlite_version(*)[0m
  [4;35;1mSQL (0.072275)[0m   [0mCREATE TABLE "stocks" ("id" INTEGER PRIMARY KEY AUTOINCREMENT NOT NULL, "name" varchar(255), "description" varchar(4000)) [0m
  [4;36;1mSQL (0.002132)[0m   [0;1mINSERT INTO schema_migrations (version) VALUES ('20081005194611')[0m
  [4;35;1mSQL (0.000403)[0m   [0m SELECT name
 FROM sqlite_master
 WHERE type = 'table' AND NOT name = 'sqlite_sequence'
[0m
  [4;36;1mSQL (0.000209)[0m   [0;1mSELECT version FROM schema_migrations[0m
  [4;35;1mSQL (0.000266)[0m   [0m SELECT name
 FROM sqlite_master
 WHERE type = 'table' AND NOT name = 'sqlite_sequence'
[0m
  [4;36;1mSQL (0.000078)[0m   [0;1mPRAGMA index_list("stocks")[0m
  [4;36;1mSQL (0.000638)[0m   [0;1m SELECT name
 FROM sqlite_master
 WHERE type = 'table' AND NOT name = 'sqlite_sequence'
[0m
  [4;35;1mSQL (0.000166)[0m   [0mSELECT version FROM schema_migrations[0m
  [4;36;1mSQL (0.000173)[0m   [0;1mselect sqlite_version(*)[0m
  [4;35;1mSQL (0.000241)[0m   [0m SELECT name
 FROM sqlite_master
 WHERE type = 'table' AND NOT name = 'sqlite_sequence'
[0m
  [4;36;1mSQL (0.001701)[0m   [0;1mCREATE TABLE "stocks" ("id" INTEGER PRIMARY KEY AUTOINCREMENT NOT NULL, "name" varchar(255), "description" varchar(4000)) [0m
  [4;35;1mSQL (0.000306)[0m   [0m SELECT name
 FROM sqlite_master
 WHERE type = 'table' AND NOT name = 'sqlite_sequence'
[0m
  [4;36;1mSQL (0.001837)[0m   [0;1mCREATE TABLE "schema_migrations" ("version" varchar(255) NOT NULL) [0m
  [4;35;1mSQL (0.002052)[0m   [0mCREATE UNIQUE INDEX "unique_schema_migrations" ON "schema_migrations" ("version")[0m
  [4;36;1mSQL (0.000442)[0m   [0;1m SELECT name
 FROM sqlite_master
 WHERE type = 'table' AND NOT name = 'sqlite_sequence'
[0m
  [4;35;1mSQL (0.000165)[0m   [0mSELECT version FROM "schema_migrations"[0m
  [4;36;1mSQL (0.001923)[0m   [0;1mINSERT INTO "schema_migrations" (version) VALUES ('20081005194611')[0m
  [4;36;1mSQL (0.000595)[0m   [0;1m SELECT name
 FROM sqlite_master
 WHERE type = 'table' AND NOT name = 'sqlite_sequence'
[0m
  [4;35;1mSQL (0.000164)[0m   [0mSELECT version FROM schema_migrations[0m
  [4;36;1mSQL (0.000600)[0m   [0;1m SELECT name
 FROM sqlite_master
 WHERE type = 'table' AND NOT name = 'sqlite_sequence'
[0m
  [4;35;1mSQL (0.000263)[0m   [0mSELECT version FROM schema_migrations[0m
Migrating to CreateStock (20081005194611)
Migrating to CreateStockPrices (20081005195315)
  [4;36;1mSQL (0.000144)[0m   [0;1mselect sqlite_version(*)[0m
  [4;35;1mSQL (0.002005)[0m   [0mCREATE TABLE "stock_prices" ("id" INTEGER PRIMARY KEY AUTOINCREMENT NOT NULL, "stock_id" integer NOT NULL, "date" date NOT NULL, "open" integer, "close" integer, "high" integer, "low" integer) [0m
  [4;36;1mSQL (0.001694)[0m   [0;1mINSERT INTO schema_migrations (version) VALUES ('20081005195315')[0m
  [4;35;1mSQL (0.000365)[0m   [0m SELECT name
 FROM sqlite_master
 WHERE type = 'table' AND NOT name = 'sqlite_sequence'
[0m
  [4;36;1mSQL (0.000195)[0m   [0;1mSELECT version FROM schema_migrations[0m
  [4;35;1mSQL (0.000233)[0m   [0m SELECT name
 FROM sqlite_master
 WHERE type = 'table' AND NOT name = 'sqlite_sequence'
[0m
  [4;36;1mSQL (0.000062)[0m   [0;1mPRAGMA index_list("stock_prices")[0m
  [4;35;1mSQL (0.000111)[0m   [0mPRAGMA index_list("stocks")[0m
  [4;36;1mSQL (0.000676)[0m   [0;1m SELECT name
 FROM sqlite_master
 WHERE type = 'table' AND NOT name = 'sqlite_sequence'
[0m
  [4;35;1mSQL (0.000195)[0m   [0mSELECT version FROM schema_migrations[0m
  [4;36;1mSQL (0.000167)[0m   [0;1mselect sqlite_version(*)[0m
  [4;35;1mSQL (0.000242)[0m   [0m SELECT name
 FROM sqlite_master
 WHERE type = 'table' AND NOT name = 'sqlite_sequence'
[0m
  [4;36;1mSQL (0.075568)[0m   [0;1mCREATE TABLE "stock_prices" ("id" INTEGER PRIMARY KEY AUTOINCREMENT NOT NULL, "stock_id" integer NOT NULL, "date" date NOT NULL, "open" integer, "close" integer, "high" integer, "low" integer) [0m
  [4;35;1mSQL (0.000408)[0m   [0m SELECT name
 FROM sqlite_master
 WHERE type = 'table' AND NOT name = 'sqlite_sequence'
[0m
  [4;36;1mSQL (0.001966)[0m   [0;1mCREATE TABLE "stocks" ("id" INTEGER PRIMARY KEY AUTOINCREMENT NOT NULL, "name" varchar(255), "description" varchar(4000)) [0m
  [4;35;1mSQL (0.000394)[0m   [0m SELECT name
 FROM sqlite_master
 WHERE type = 'table' AND NOT name = 'sqlite_sequence'
[0m
  [4;36;1mSQL (0.001975)[0m   [0;1mCREATE TABLE "schema_migrations" ("version" varchar(255) NOT NULL) [0m
  [4;35;1mSQL (0.001868)[0m   [0mCREATE UNIQUE INDEX "unique_schema_migrations" ON "schema_migrations" ("version")[0m
  [4;36;1mSQL (0.000403)[0m   [0;1m SELECT name
 FROM sqlite_master
 WHERE type = 'table' AND NOT name = 'sqlite_sequence'
[0m
  [4;35;1mSQL (0.000166)[0m   [0mSELECT version FROM "schema_migrations"[0m
  [4;36;1mSQL (0.001788)[0m   [0;1mINSERT INTO "schema_migrations" (version) VALUES ('20081005195315')[0m
  [4;35;1mSQL (0.001727)[0m   [0mINSERT INTO "schema_migrations" (version) VALUES ('20081005194611')[0m
  [4;36;1mSQL (0.000397)[0m   [0;1m SELECT name
 FROM sqlite_master
 WHERE type = 'table' AND NOT name = 'sqlite_sequence'
[0m
  [4;35;1mSQL (0.000169)[0m   [0mselect sqlite_version(*)[0m
  [4;36;1mSQL (0.001713)[0m   [0;1mCREATE TABLE "schema_migrations" ("version" varchar(255) NOT NULL) [0m
  [4;35;1mSQL (0.001793)[0m   [0mCREATE UNIQUE INDEX "unique_schema_migrations" ON "schema_migrations" ("version")[0m
  [4;36;1mSQL (0.000440)[0m   [0;1m SELECT name
 FROM sqlite_master
 WHERE type = 'table' AND NOT name = 'sqlite_sequence'
[0m
  [4;36;1mSQL (0.000373)[0m   [0;1m SELECT name
 FROM sqlite_master
 WHERE type = 'table' AND NOT name = 'sqlite_sequence'
[0m
  [4;35;1mSQL (0.000169)[0m   [0mselect sqlite_version(*)[0m
  [4;36;1mSQL (0.070461)[0m   [0;1mCREATE TABLE "schema_migrations" ("version" varchar(255) NOT NULL) [0m
  [4;35;1mSQL (0.001941)[0m   [0mCREATE UNIQUE INDEX "unique_schema_migrations" ON "schema_migrations" ("version")[0m
  [4;36;1mSQL (0.000333)[0m   [0;1m SELECT name
 FROM sqlite_master
 WHERE type = 'table' AND NOT name = 'sqlite_sequence'
[0m
  [4;35;1mSQL (0.000208)[0m   [0mSELECT version FROM schema_migrations[0m
Migrating to CreateStocks (20081005194611)
  [4;36;1mSQL (0.001922)[0m   [0;1mCREATE TABLE "stocks" ("id" INTEGER PRIMARY KEY AUTOINCREMENT NOT NULL, "market_id" integer NOT NULL, "name" varchar(255), "description" varchar(4000)) [0m
  [4;35;1mSQL (0.001991)[0m   [0mCREATE UNIQUE INDEX "stocks_name" ON "stocks" ("name")[0m
  [4;36;1mSQL (0.002018)[0m   [0;1mINSERT INTO schema_migrations (version) VALUES ('20081005194611')[0m
Migrating to CreateStockPrices (20081005195315)
  [4;35;1mSQL (0.002157)[0m   [0mCREATE TABLE "stock_prices" ("id" INTEGER PRIMARY KEY AUTOINCREMENT NOT NULL, "stock_id" integer NOT NULL, "date" date NOT NULL, "open" integer, "close" integer, "high" integer, "low" integer) [0m
  [4;36;1mSQL (0.002339)[0m   [0;1mCREATE UNIQUE INDEX "stock_prices_stock_id_date" ON "stock_prices" ("stock_id", "date")[0m
  [4;35;1mSQL (0.002089)[0m   [0mINSERT INTO schema_migrations (version) VALUES ('20081005195315')[0m
Migrating to CreateMarkets (20081005202812)
  [4;36;1mSQL (0.002672)[0m   [0;1mCREATE TABLE "markets" ("id" INTEGER PRIMARY KEY AUTOINCREMENT NOT NULL, "name" varchar(255), "description" varchar(4000)) [0m
  [4;35;1mSQL (0.002602)[0m   [0mCREATE UNIQUE INDEX "markets_name" ON "markets" ("name")[0m
  [4;36;1mSQL (0.002059)[0m   [0;1mINSERT INTO schema_migrations (version) VALUES ('20081005202812')[0m
  [4;35;1mSQL (0.000564)[0m   [0m SELECT name
 FROM sqlite_master
 WHERE type = 'table' AND NOT name = 'sqlite_sequence'
[0m
  [4;36;1mSQL (0.000345)[0m   [0;1mSELECT version FROM schema_migrations[0m
  [4;35;1mSQL (0.000406)[0m   [0m SELECT name
 FROM sqlite_master
 WHERE type = 'table' AND NOT name = 'sqlite_sequence'
[0m
  [4;36;1mSQL (0.000243)[0m   [0;1mPRAGMA index_list("markets")[0m
  [4;35;1mSQL (0.000192)[0m   [0mPRAGMA index_info('markets_name')[0m
  [4;36;1mSQL (0.000272)[0m   [0;1mPRAGMA index_list("stock_prices")[0m
  [4;35;1mSQL (0.000238)[0m   [0mPRAGMA index_info('stock_prices_stock_id_date')[0m
  [4;36;1mSQL (0.000160)[0m   [0;1mPRAGMA index_list("stocks")[0m
  [4;35;1mSQL (0.000153)[0m   [0mPRAGMA index_info('stocks_name')[0m
  [4;36;1mSQL (0.000186)[0m   [0;1mselect sqlite_version(*)[0m
  [4;35;1mSQL (0.000241)[0m   [0m SELECT name
 FROM sqlite_master
 WHERE type = 'table' AND NOT name = 'sqlite_sequence'
[0m
  [4;36;1mSQL (0.001810)[0m   [0;1mCREATE TABLE "markets" ("id" INTEGER PRIMARY KEY AUTOINCREMENT NOT NULL, "name" varchar(255), "description" varchar(4000)) [0m
  [4;35;1mSQL (0.001611)[0m   [0mCREATE UNIQUE INDEX "markets_name" ON "markets" ("name")[0m
  [4;36;1mSQL (0.000258)[0m   [0;1m SELECT name
 FROM sqlite_master
 WHERE type = 'table' AND NOT name = 'sqlite_sequence'
[0m
  [4;35;1mSQL (0.001812)[0m   [0mCREATE TABLE "stock_prices" ("id" INTEGER PRIMARY KEY AUTOINCREMENT NOT NULL, "stock_id" integer NOT NULL, "date" date NOT NULL, "open" integer, "close" integer, "high" integer, "low" integer) [0m
  [4;36;1mSQL (0.001831)[0m   [0;1mCREATE UNIQUE INDEX "stock_prices_stock_id_date" ON "stock_prices" ("stock_id", "date")[0m
  [4;35;1mSQL (0.000270)[0m   [0m SELECT name
 FROM sqlite_master
 WHERE type = 'table' AND NOT name = 'sqlite_sequence'
[0m
  [4;36;1mSQL (0.001696)[0m   [0;1mCREATE TABLE "stocks" ("id" INTEGER PRIMARY KEY AUTOINCREMENT NOT NULL, "market_id" integer NOT NULL, "name" varchar(255), "description" varchar(4000)) [0m
  [4;35;1mSQL (0.001861)[0m   [0mCREATE UNIQUE INDEX "stocks_name" ON "stocks" ("name")[0m
  [4;36;1mSQL (0.000310)[0m   [0;1m SELECT name
 FROM sqlite_master
 WHERE type = 'table' AND NOT name = 'sqlite_sequence'
[0m
  [4;35;1mSQL (0.001889)[0m   [0mCREATE TABLE "schema_migrations" ("version" varchar(255) NOT NULL) [0m
  [4;36;1mSQL (0.002008)[0m   [0;1mCREATE UNIQUE INDEX "unique_schema_migrations" ON "schema_migrations" ("version")[0m
  [4;35;1mSQL (0.000370)[0m   [0m SELECT name
 FROM sqlite_master
 WHERE type = 'table' AND NOT name = 'sqlite_sequence'
[0m
  [4;36;1mSQL (0.000114)[0m   [0;1mSELECT version FROM "schema_migrations"[0m
  [4;35;1mSQL (0.002020)[0m   [0mINSERT INTO "schema_migrations" (version) VALUES ('20081005202812')[0m
  [4;36;1mSQL (0.002022)[0m   [0;1mINSERT INTO "schema_migrations" (version) VALUES ('20081005194611')[0m
  [4;35;1mSQL (0.001970)[0m   [0mINSERT INTO "schema_migrations" (version) VALUES ('20081005195315')[0m
  [4;36;1mSQL (0.000366)[0m   [0;1m SELECT name
 FROM sqlite_master
 WHERE type = 'table' AND NOT name = 'sqlite_sequence'
[0m
  [4;35;1mSQL (0.000169)[0m   [0mselect sqlite_version(*)[0m
  [4;36;1mSQL (0.077206)[0m   [0;1mCREATE TABLE "schema_migrations" ("version" varchar(255) NOT NULL) [0m
  [4;35;1mSQL (0.001908)[0m   [0mCREATE UNIQUE INDEX "unique_schema_migrations" ON "schema_migrations" ("version")[0m
  [4;36;1mSQL (0.000302)[0m   [0;1m SELECT name
 FROM sqlite_master
 WHERE type = 'table' AND NOT name = 'sqlite_sequence'
[0m
  [4;35;1mSQL (0.000283)[0m   [0mSELECT version FROM schema_migrations[0m
Migrating to CreateMarkets (20081005192812)
  [4;36;1mSQL (0.002037)[0m   [0;1mCREATE TABLE "markets" ("id" INTEGER PRIMARY KEY AUTOINCREMENT NOT NULL, "name" varchar(255), "description" varchar(4000)) [0m
  [4;35;1mSQL (0.001853)[0m   [0mCREATE UNIQUE INDEX "markets_name" ON "markets" ("name")[0m
  [4;36;1mSQL (0.002016)[0m   [0;1mINSERT INTO schema_migrations (version) VALUES ('20081005192812')[0m
Migrating to CreateStocks (20081005194611)
  [4;35;1mSQL (0.002435)[0m   [0mCREATE TABLE "stocks" ("id" INTEGER PRIMARY KEY AUTOINCREMENT NOT NULL, "market_id" integer NOT NULL, "name" varchar(255), "description" varchar(4000)) [0m
  [4;36;1mSQL (0.002049)[0m   [0;1mCREATE UNIQUE INDEX "stocks_name" ON "stocks" ("name")[0m
  [4;35;1mSQL (0.001845)[0m   [0mINSERT INTO schema_migrations (version) VALUES ('20081005194611')[0m
Migrating to CreateStockPrices (20081005195315)
  [4;36;1mSQL (0.002424)[0m   [0;1mCREATE TABLE "stock_prices" ("id" INTEGER PRIMARY KEY AUTOINCREMENT NOT NULL, "stock_id" integer NOT NULL, "date" date NOT NULL, "open" integer, "close" integer, "high" integer, "low" integer) [0m
  [4;35;1mSQL (0.002209)[0m   [0mCREATE UNIQUE INDEX "stock_prices_stock_id_date" ON "stock_prices" ("stock_id", "date")[0m
  [4;36;1mSQL (0.001702)[0m   [0;1mINSERT INTO schema_migrations (version) VALUES ('20081005195315')[0m
  [4;35;1mSQL (0.000433)[0m   [0m SELECT name
 FROM sqlite_master
 WHERE type = 'table' AND NOT name = 'sqlite_sequence'
[0m
  [4;36;1mSQL (0.000258)[0m   [0;1mSELECT version FROM schema_migrations[0m
  [4;35;1mSQL (0.000311)[0m   [0m SELECT name
 FROM sqlite_master
 WHERE type = 'table' AND NOT name = 'sqlite_sequence'
[0m
  [4;36;1mSQL (0.000142)[0m   [0;1mPRAGMA index_list("markets")[0m
  [4;35;1mSQL (0.000129)[0m   [0mPRAGMA index_info('markets_name')[0m
  [4;36;1mSQL (0.000240)[0m   [0;1mPRAGMA index_list("stock_prices")[0m
  [4;35;1mSQL (0.000230)[0m   [0mPRAGMA index_info('stock_prices_stock_id_date')[0m
  [4;36;1mSQL (0.000202)[0m   [0;1mPRAGMA index_list("stocks")[0m
  [4;35;1mSQL (0.000160)[0m   [0mPRAGMA index_info('stocks_name')[0m
  [4;36;1mSQL (0.000202)[0m   [0;1mselect sqlite_version(*)[0m
  [4;35;1mSQL (0.000239)[0m   [0m SELECT name
 FROM sqlite_master
 WHERE type = 'table' AND NOT name = 'sqlite_sequence'
[0m
  [4;36;1mSQL (0.001974)[0m   [0;1mCREATE TABLE "markets" ("id" INTEGER PRIMARY KEY AUTOINCREMENT NOT NULL, "name" varchar(255), "description" varchar(4000)) [0m
  [4;35;1mSQL (0.001727)[0m   [0mCREATE UNIQUE INDEX "markets_name" ON "markets" ("name")[0m
  [4;36;1mSQL (0.000277)[0m   [0;1m SELECT name
 FROM sqlite_master
 WHERE type = 'table' AND NOT name = 'sqlite_sequence'
[0m
  [4;35;1mSQL (0.001968)[0m   [0mCREATE TABLE "stock_prices" ("id" INTEGER PRIMARY KEY AUTOINCREMENT NOT NULL, "stock_id" integer NOT NULL, "date" date NOT NULL, "open" integer, "close" integer, "high" integer, "low" integer) [0m
  [4;36;1mSQL (0.001671)[0m   [0;1mCREATE UNIQUE INDEX "stock_prices_stock_id_date" ON "stock_prices" ("stock_id", "date")[0m
  [4;35;1mSQL (0.000289)[0m   [0m SELECT name
 FROM sqlite_master
 WHERE type = 'table' AND NOT name = 'sqlite_sequence'
[0m
  [4;36;1mSQL (0.001721)[0m   [0;1mCREATE TABLE "stocks" ("id" INTEGER PRIMARY KEY AUTOINCREMENT NOT NULL, "market_id" integer NOT NULL, "name" varchar(255), "description" varchar(4000)) [0m
  [4;35;1mSQL (0.002055)[0m   [0mCREATE UNIQUE INDEX "stocks_name" ON "stocks" ("name")[0m
  [4;36;1mSQL (0.000554)[0m   [0;1m SELECT name
 FROM sqlite_master
 WHERE type = 'table' AND NOT name = 'sqlite_sequence'
[0m
  [4;35;1mSQL (0.001977)[0m   [0mCREATE TABLE "schema_migrations" ("version" varchar(255) NOT NULL) [0m
  [4;36;1mSQL (0.001945)[0m   [0;1mCREATE UNIQUE INDEX "unique_schema_migrations" ON "schema_migrations" ("version")[0m
  [4;35;1mSQL (0.000502)[0m   [0m SELECT name
 FROM sqlite_master
 WHERE type = 'table' AND NOT name = 'sqlite_sequence'
[0m
  [4;36;1mSQL (0.000169)[0m   [0;1mSELECT version FROM "schema_migrations"[0m
  [4;35;1mSQL (0.001973)[0m   [0mINSERT INTO "schema_migrations" (version) VALUES ('20081005195315')[0m
  [4;36;1mSQL (0.002163)[0m   [0;1mINSERT INTO "schema_migrations" (version) VALUES ('20081005192812')[0m
  [4;35;1mSQL (0.002394)[0m   [0mINSERT INTO "schema_migrations" (version) VALUES ('20081005194611')[0m
  [4;36;1mSQL (0.000386)[0m   [0;1m SELECT name
 FROM sqlite_master
 WHERE type = 'table' AND NOT name = 'sqlite_sequence'
[0m
  [4;35;1mSQL (0.000174)[0m   [0mselect sqlite_version(*)[0m
  [4;36;1mSQL (0.071890)[0m   [0;1mCREATE TABLE "schema_migrations" ("version" varchar(255) NOT NULL) [0m
  [4;35;1mSQL (0.001903)[0m   [0mCREATE UNIQUE INDEX "unique_schema_migrations" ON "schema_migrations" ("version")[0m
  [4;36;1mSQL (0.000369)[0m   [0;1m SELECT name
 FROM sqlite_master
 WHERE type = 'table' AND NOT name = 'sqlite_sequence'
[0m
  [4;35;1mSQL (0.000228)[0m   [0mSELECT version FROM schema_migrations[0m
Migrating to CreateMarkets (20081005192812)
  [4;36;1mSQL (0.002014)[0m   [0;1mCREATE TABLE "markets" ("id" INTEGER PRIMARY KEY AUTOINCREMENT NOT NULL, "name" varchar(255), "description" varchar(4000)) [0m
  [4;35;1mSQL (0.001943)[0m   [0mCREATE UNIQUE INDEX "markets_name" ON "markets" ("name")[0m
  [4;36;1mSQL (0.001918)[0m   [0;1mINSERT INTO schema_migrations (version) VALUES ('20081005192812')[0m
Migrating to CreateStocks (20081005194611)
  [4;35;1mSQL (0.002179)[0m   [0mCREATE TABLE "stocks" ("id" INTEGER PRIMARY KEY AUTOINCREMENT NOT NULL, "market_id" integer NOT NULL, "name" varchar(255), "description" varchar(4000)) [0m
  [4;36;1mSQL (0.002191)[0m   [0;1mCREATE UNIQUE INDEX "stocks_name" ON "stocks" ("name")[0m
  [4;35;1mSQL (0.002414)[0m   [0mINSERT INTO schema_migrations (version) VALUES ('20081005194611')[0m
Migrating to CreateStockPrices (20081005195315)
  [4;36;1mSQL (0.002085)[0m   [0;1mCREATE TABLE "stock_prices" ("id" INTEGER PRIMARY KEY AUTOINCREMENT NOT NULL, "stock_id" integer NOT NULL, "date" date NOT NULL, "open" integer, "close" integer, "high" integer, "low" integer) [0m
  [4;35;1mSQL (0.002232)[0m   [0mCREATE UNIQUE INDEX "stock_prices_stock_id_date" ON "stock_prices" ("stock_id", "date")[0m
  [4;36;1mSQL (0.001989)[0m   [0;1mINSERT INTO schema_migrations (version) VALUES ('20081005195315')[0m
  [4;35;1mSQL (0.000520)[0m   [0m SELECT name
 FROM sqlite_master
 WHERE type = 'table' AND NOT name = 'sqlite_sequence'
[0m
  [4;36;1mSQL (0.000301)[0m   [0;1mSELECT version FROM schema_migrations[0m
  [4;35;1mSQL (0.001253)[0m   [0m SELECT name
 FROM sqlite_master
 WHERE type = 'table' AND NOT name = 'sqlite_sequence'
[0m
  [4;36;1mSQL (0.000251)[0m   [0;1mPRAGMA index_list("markets")[0m
  [4;35;1mSQL (0.000185)[0m   [0mPRAGMA index_info('markets_name')[0m
  [4;36;1mSQL (0.000258)[0m   [0;1mPRAGMA index_list("stock_prices")[0m
  [4;35;1mSQL (0.000254)[0m   [0mPRAGMA index_info('stock_prices_stock_id_date')[0m
  [4;36;1mSQL (0.000169)[0m   [0;1mPRAGMA index_list("stocks")[0m
  [4;35;1mSQL (0.000159)[0m   [0mPRAGMA index_info('stocks_name')[0m
  [4;36;1mSQL (0.000184)[0m   [0;1mselect sqlite_version(*)[0m
  [4;35;1mSQL (0.000244)[0m   [0m SELECT name
 FROM sqlite_master
 WHERE type = 'table' AND NOT name = 'sqlite_sequence'
[0m
  [4;36;1mSQL (0.001529)[0m   [0;1mCREATE TABLE "markets" ("id" INTEGER PRIMARY KEY AUTOINCREMENT NOT NULL, "name" varchar(255), "description" varchar(4000)) [0m
  [4;35;1mSQL (0.001883)[0m   [0mCREATE UNIQUE INDEX "markets_name" ON "markets" ("name")[0m
  [4;36;1mSQL (0.000364)[0m   [0;1m SELECT name
 FROM sqlite_master
 WHERE type = 'table' AND NOT name = 'sqlite_sequence'
[0m
  [4;35;1mSQL (0.001894)[0m   [0mCREATE TABLE "stock_prices" ("id" INTEGER PRIMARY KEY AUTOINCREMENT NOT NULL, "stock_id" integer NOT NULL, "date" date NOT NULL, "open" integer, "close" integer, "high" integer, "low" integer) [0m
  [4;36;1mSQL (0.001973)[0m   [0;1mCREATE UNIQUE INDEX "stock_prices_stock_id_date" ON "stock_prices" ("stock_id", "date")[0m
  [4;35;1mSQL (0.000378)[0m   [0m SELECT name
 FROM sqlite_master
 WHERE type = 'table' AND NOT name = 'sqlite_sequence'
[0m
  [4;36;1mSQL (0.001972)[0m   [0;1mCREATE TABLE "stocks" ("id" INTEGER PRIMARY KEY AUTOINCREMENT NOT NULL, "market_id" integer NOT NULL, "name" varchar(255), "description" varchar(4000)) [0m
  [4;35;1mSQL (0.002136)[0m   [0mCREATE UNIQUE INDEX "stocks_name" ON "stocks" ("name")[0m
  [4;36;1mSQL (0.000566)[0m   [0;1m SELECT name
 FROM sqlite_master
 WHERE type = 'table' AND NOT name = 'sqlite_sequence'
[0m
  [4;35;1mSQL (0.002173)[0m   [0mCREATE TABLE "schema_migrations" ("version" varchar(255) NOT NULL) [0m
  [4;36;1mSQL (0.002010)[0m   [0;1mCREATE UNIQUE INDEX "unique_schema_migrations" ON "schema_migrations" ("version")[0m
  [4;35;1mSQL (0.000575)[0m   [0m SELECT name
 FROM sqlite_master
 WHERE type = 'table' AND NOT name = 'sqlite_sequence'
[0m
  [4;36;1mSQL (0.000231)[0m   [0;1mSELECT version FROM "schema_migrations"[0m
  [4;35;1mSQL (0.002041)[0m   [0mINSERT INTO "schema_migrations" (version) VALUES ('20081005195315')[0m
  [4;36;1mSQL (0.001925)[0m   [0;1mINSERT INTO "schema_migrations" (version) VALUES ('20081005192812')[0m
  [4;35;1mSQL (0.001950)[0m   [0mINSERT INTO "schema_migrations" (version) VALUES ('20081005194611')[0m
  [4;36;1mSQL (0.000246)[0m   [0;1mselect sqlite_version(*)[0m
  [4;35;1mSQL (0.000262)[0m   [0m SELECT name
 FROM sqlite_master
 WHERE type = 'table' AND NOT name = 'sqlite_sequence'
[0m
  [4;36;1mSQL (0.001904)[0m   [0;1mCREATE TABLE "markets" ("id" INTEGER PRIMARY KEY AUTOINCREMENT NOT NULL, "name" varchar(255), "description" varchar(4000)) [0m
  [4;35;1mSQL (0.001508)[0m   [0mCREATE UNIQUE INDEX "markets_name" ON "markets" ("name")[0m
  [4;36;1mSQL (0.000221)[0m   [0;1m SELECT name
 FROM sqlite_master
 WHERE type = 'table' AND NOT name = 'sqlite_sequence'
[0m
  [4;35;1mSQL (0.001835)[0m   [0mCREATE TABLE "stock_prices" ("id" INTEGER PRIMARY KEY AUTOINCREMENT NOT NULL, "stock_id" integer NOT NULL, "date" date NOT NULL, "open" integer, "close" integer, "high" integer, "low" integer) [0m
  [4;36;1mSQL (0.001534)[0m   [0;1mCREATE UNIQUE INDEX "stock_prices_stock_id_date" ON "stock_prices" ("stock_id", "date")[0m
  [4;35;1mSQL (0.000294)[0m   [0m SELECT name
 FROM sqlite_master
 WHERE type = 'table' AND NOT name = 'sqlite_sequence'
[0m
  [4;36;1mSQL (0.001713)[0m   [0;1mCREATE TABLE "stocks" ("id" INTEGER PRIMARY KEY AUTOINCREMENT NOT NULL, "market_id" integer NOT NULL, "name" varchar(255), "description" varchar(4000)) [0m
  [4;35;1mSQL (0.001960)[0m   [0mCREATE UNIQUE INDEX "stocks_name" ON "stocks" ("name")[0m
  [4;36;1mSQL (0.000510)[0m   [0;1m SELECT name
 FROM sqlite_master
 WHERE type = 'table' AND NOT name = 'sqlite_sequence'
[0m
  [4;35;1mSQL (0.001940)[0m   [0mCREATE TABLE "schema_migrations" ("version" varchar(255) NOT NULL) [0m
  [4;36;1mSQL (0.002188)[0m   [0;1mCREATE UNIQUE INDEX "unique_schema_migrations" ON "schema_migrations" ("version")[0m
  [4;35;1mSQL (0.000473)[0m   [0m SELECT name
 FROM sqlite_master
 WHERE type = 'table' AND NOT name = 'sqlite_sequence'
[0m
  [4;36;1mSQL (0.000183)[0m   [0;1mSELECT version FROM "schema_migrations"[0m
  [4;35;1mSQL (0.001959)[0m   [0mINSERT INTO "schema_migrations" (version) VALUES ('20081005195315')[0m
  [4;36;1mSQL (0.001997)[0m   [0;1mINSERT INTO "schema_migrations" (version) VALUES ('20081005192812')[0m
  [4;35;1mSQL (0.002018)[0m   [0mINSERT INTO "schema_migrations" (version) VALUES ('20081005194611')[0m
  [4;36;1mSQL (0.000247)[0m   [0;1mselect sqlite_version(*)[0m
  [4;35;1mSQL (0.000247)[0m   [0m SELECT name
 FROM sqlite_master
 WHERE type = 'table' AND NOT name = 'sqlite_sequence'
[0m
  [4;36;1mSQL (0.001772)[0m   [0;1mCREATE TABLE "markets" ("id" INTEGER PRIMARY KEY AUTOINCREMENT NOT NULL, "name" varchar(255), "description" varchar(4000)) [0m
  [4;35;1mSQL (0.001784)[0m   [0mCREATE UNIQUE INDEX "markets_name" ON "markets" ("name")[0m
  [4;36;1mSQL (0.000394)[0m   [0;1m SELECT name
 FROM sqlite_master
 WHERE type = 'table' AND NOT name = 'sqlite_sequence'
[0m
  [4;35;1mSQL (0.002629)[0m   [0mCREATE TABLE "stock_prices" ("id" INTEGER PRIMARY KEY AUTOINCREMENT NOT NULL, "stock_id" integer NOT NULL, "date" date NOT NULL, "open" integer, "close" integer, "high" integer, "low" integer) [0m
  [4;36;1mSQL (0.001873)[0m   [0;1mCREATE UNIQUE INDEX "stock_prices_stock_id_date" ON "stock_prices" ("stock_id", "date")[0m
  [4;35;1mSQL (0.000396)[0m   [0m SELECT name
 FROM sqlite_master
 WHERE type = 'table' AND NOT name = 'sqlite_sequence'
[0m
  [4;36;1mSQL (0.001572)[0m   [0;1mCREATE TABLE "stocks" ("id" INTEGER PRIMARY KEY AUTOINCREMENT NOT NULL, "market_id" integer NOT NULL, "name" varchar(255), "description" varchar(4000)) [0m
  [4;35;1mSQL (0.001994)[0m   [0mCREATE UNIQUE INDEX "stocks_name" ON "stocks" ("name")[0m
  [4;36;1mSQL (0.000612)[0m   [0;1m SELECT name
 FROM sqlite_master
 WHERE type = 'table' AND NOT name = 'sqlite_sequence'
[0m
  [4;35;1mSQL (0.002113)[0m   [0mCREATE TABLE "schema_migrations" ("version" varchar(255) NOT NULL) [0m
  [4;36;1mSQL (0.002046)[0m   [0;1mCREATE UNIQUE INDEX "unique_schema_migrations" ON "schema_migrations" ("version")[0m
  [4;35;1mSQL (0.000482)[0m   [0m SELECT name
 FROM sqlite_master
 WHERE type = 'table' AND NOT name = 'sqlite_sequence'
[0m
  [4;36;1mSQL (0.000194)[0m   [0;1mSELECT version FROM "schema_migrations"[0m
  [4;35;1mSQL (0.001966)[0m   [0mINSERT INTO "schema_migrations" (version) VALUES ('20081005195315')[0m
  [4;36;1mSQL (0.002033)[0m   [0;1mINSERT INTO "schema_migrations" (version) VALUES ('20081005192812')[0m
  [4;35;1mSQL (0.002269)[0m   [0mINSERT INTO "schema_migrations" (version) VALUES ('20081005194611')[0m
  [4;36;1mSQL (0.000273)[0m   [0;1mselect sqlite_version(*)[0m
  [4;35;1mSQL (0.000311)[0m   [0m SELECT name
 FROM sqlite_master
 WHERE type = 'table' AND NOT name = 'sqlite_sequence'
[0m
  [4;36;1mSQL (0.001708)[0m   [0;1mCREATE TABLE "markets" ("id" INTEGER PRIMARY KEY AUTOINCREMENT NOT NULL, "name" varchar(255), "description" varchar(4000)) [0m
  [4;35;1mSQL (0.001521)[0m   [0mCREATE UNIQUE INDEX "markets_name" ON "markets" ("name")[0m
  [4;36;1mSQL (0.000326)[0m   [0;1m SELECT name
 FROM sqlite_master
 WHERE type = 'table' AND NOT name = 'sqlite_sequence'
[0m
  [4;35;1mSQL (0.001830)[0m   [0mCREATE TABLE "stock_prices" ("id" INTEGER PRIMARY KEY AUTOINCREMENT NOT NULL, "stock_id" integer NOT NULL, "date" date NOT NULL, "open" integer, "close" integer, "high" integer, "low" integer) [0m
  [4;36;1mSQL (0.001851)[0m   [0;1mCREATE UNIQUE INDEX "stock_prices_stock_id_date" ON "stock_prices" ("stock_id", "date")[0m
  [4;35;1mSQL (0.000371)[0m   [0m SELECT name
 FROM sqlite_master
 WHERE type = 'table' AND NOT name = 'sqlite_sequence'
[0m
  [4;36;1mSQL (0.001764)[0m   [0;1mCREATE TABLE "stocks" ("id" INTEGER PRIMARY KEY AUTOINCREMENT NOT NULL, "market_id" integer NOT NULL, "name" varchar(255), "description" varchar(4000)) [0m
  [4;35;1mSQL (0.001977)[0m   [0mCREATE UNIQUE INDEX "stocks_name" ON "stocks" ("name")[0m
  [4;36;1mSQL (0.000390)[0m   [0;1m SELECT name
 FROM sqlite_master
 WHERE type = 'table' AND NOT name = 'sqlite_sequence'
[0m
  [4;35;1mSQL (0.001815)[0m   [0mCREATE TABLE "schema_migrations" ("version" varchar(255) NOT NULL) [0m
  [4;36;1mSQL (0.001878)[0m   [0;1mCREATE UNIQUE INDEX "unique_schema_migrations" ON "schema_migrations" ("version")[0m
  [4;35;1mSQL (0.000471)[0m   [0m SELECT name
 FROM sqlite_master
 WHERE type = 'table' AND NOT name = 'sqlite_sequence'
[0m
  [4;36;1mSQL (0.000159)[0m   [0;1mSELECT version FROM "schema_migrations"[0m
  [4;35;1mSQL (0.002059)[0m   [0mINSERT INTO "schema_migrations" (version) VALUES ('20081005195315')[0m
  [4;36;1mSQL (0.002463)[0m   [0;1mINSERT INTO "schema_migrations" (version) VALUES ('20081005192812')[0m
  [4;35;1mSQL (0.002320)[0m   [0mINSERT INTO "schema_migrations" (version) VALUES ('20081005194611')[0m
  [4;36;1mSQL (0.000392)[0m   [0;1m SELECT name
 FROM sqlite_master
 WHERE type = 'table' AND NOT name = 'sqlite_sequence'
[0m
  [4;35;1mSQL (0.000176)[0m   [0mselect sqlite_version(*)[0m
  [4;36;1mSQL (0.071627)[0m   [0;1mCREATE TABLE "schema_migrations" ("version" varchar(255) NOT NULL) [0m
  [4;35;1mSQL (0.001889)[0m   [0mCREATE UNIQUE INDEX "unique_schema_migrations" ON "schema_migrations" ("version")[0m
  [4;36;1mSQL (0.000301)[0m   [0;1m SELECT name
 FROM sqlite_master
 WHERE type = 'table' AND NOT name = 'sqlite_sequence'
[0m
  [4;35;1mSQL (0.000238)[0m   [0mSELECT version FROM schema_migrations[0m
Migrating to CreateMarkets (20081005192812)
  [4;36;1mSQL (0.002257)[0m   [0;1mCREATE TABLE "markets" ("id" INTEGER PRIMARY KEY AUTOINCREMENT NOT NULL, "name" varchar(255), "description" varchar(4000)) [0m
  [4;35;1mSQL (0.002040)[0m   [0mCREATE UNIQUE INDEX "markets_name" ON "markets" ("name")[0m
  [4;36;1mSQL (0.001758)[0m   [0;1mINSERT INTO schema_migrations (version) VALUES ('20081005192812')[0m
Migrating to CreateStocks (20081005194611)
  [4;35;1mSQL (0.002015)[0m   [0mCREATE TABLE "stocks" ("id" INTEGER PRIMARY KEY AUTOINCREMENT NOT NULL, "market_id" integer NOT NULL, "name" varchar(255), "description" varchar(4000)) [0m
  [4;36;1mSQL (0.002134)[0m   [0;1mCREATE UNIQUE INDEX "stocks_name" ON "stocks" ("name")[0m
  [4;35;1mSQL (0.001918)[0m   [0mINSERT INTO schema_migrations (version) VALUES ('20081005194611')[0m
Migrating to CreateStockPrices (20081005195315)
  [4;36;1mSQL (0.002211)[0m   [0;1mCREATE TABLE "stock_prices" ("id" INTEGER PRIMARY KEY AUTOINCREMENT NOT NULL, "stock_id" integer NOT NULL, "date" date NOT NULL, "open" integer, "close" integer, "high" integer, "low" integer) [0m
  [4;35;1mSQL (0.002058)[0m   [0mCREATE UNIQUE INDEX "stock_prices_stock_id_date" ON "stock_prices" ("stock_id", "date")[0m
  [4;36;1mSQL (0.002004)[0m   [0;1mINSERT INTO schema_migrations (version) VALUES ('20081005195315')[0m
Migrating to CreateMarketData (20081005211121)
  [4;35;1mSQL (0.002250)[0m   [0mCREATE TABLE "market_data" ("id" INTEGER PRIMARY KEY AUTOINCREMENT NOT NULL, "market_id" integer NOT NULL, "date" date NOT NULL, "open" integer, "close" integer, "high" integer, "low" integer) [0m
  [4;36;1mSQL (0.002148)[0m   [0;1mCREATE UNIQUE INDEX "market_data_market_id_date" ON "market_data" ("market_id", "date")[0m
  [4;35;1mSQL (0.013091)[0m   [0mINSERT INTO schema_migrations (version) VALUES ('20081005211121')[0m
  [4;36;1mSQL (0.000467)[0m   [0;1m SELECT name
 FROM sqlite_master
 WHERE type = 'table' AND NOT name = 'sqlite_sequence'
[0m
  [4;35;1mSQL (0.000252)[0m   [0mSELECT version FROM schema_migrations[0m
  [4;36;1mSQL (0.000292)[0m   [0;1m SELECT name
 FROM sqlite_master
 WHERE type = 'table' AND NOT name = 'sqlite_sequence'
[0m
  [4;35;1mSQL (0.000137)[0m   [0mPRAGMA index_list("market_data")[0m
  [4;36;1mSQL (0.000181)[0m   [0;1mPRAGMA index_info('market_data_market_id_date')[0m
  [4;35;1mSQL (0.000131)[0m   [0mPRAGMA index_list("markets")[0m
  [4;36;1mSQL (0.000125)[0m   [0;1mPRAGMA index_info('markets_name')[0m
  [4;35;1mSQL (0.000155)[0m   [0mPRAGMA index_list("stock_prices")[0m
  [4;36;1mSQL (0.000183)[0m   [0;1mPRAGMA index_info('stock_prices_stock_id_date')[0m
  [4;35;1mSQL (0.000126)[0m   [0mPRAGMA index_list("stocks")[0m
  [4;36;1mSQL (0.000124)[0m   [0;1mPRAGMA index_info('stocks_name')[0m
  [4;35;1mSQL (0.000178)[0m   [0mselect sqlite_version(*)[0m
  [4;36;1mSQL (0.000249)[0m   [0;1m SELECT name
 FROM sqlite_master
 WHERE type = 'table' AND NOT name = 'sqlite_sequence'
[0m
  [4;35;1mSQL (0.002014)[0m   [0mCREATE TABLE "market_data" ("id" INTEGER PRIMARY KEY AUTOINCREMENT NOT NULL, "market_id" integer NOT NULL, "date" date NOT NULL, "open" integer, "close" integer, "high" integer, "low" integer) [0m
  [4;36;1mSQL (0.002853)[0m   [0;1mCREATE UNIQUE INDEX "market_data_market_id_date" ON "market_data" ("market_id", "date")[0m
  [4;35;1mSQL (0.000437)[0m   [0m SELECT name
 FROM sqlite_master
 WHERE type = 'table' AND NOT name = 'sqlite_sequence'
[0m
  [4;36;1mSQL (0.002844)[0m   [0;1mCREATE TABLE "markets" ("id" INTEGER PRIMARY KEY AUTOINCREMENT NOT NULL, "name" varchar(255), "description" varchar(4000)) [0m
  [4;35;1mSQL (0.001637)[0m   [0mCREATE UNIQUE INDEX "markets_name" ON "markets" ("name")[0m
  [4;36;1mSQL (0.000331)[0m   [0;1m SELECT name
 FROM sqlite_master
 WHERE type = 'table' AND NOT name = 'sqlite_sequence'
[0m
  [4;35;1mSQL (0.001849)[0m   [0mCREATE TABLE "stock_prices" ("id" INTEGER PRIMARY KEY AUTOINCREMENT NOT NULL, "stock_id" integer NOT NULL, "date" date NOT NULL, "open" integer, "close" integer, "high" integer, "low" integer) [0m
  [4;36;1mSQL (0.002245)[0m   [0;1mCREATE UNIQUE INDEX "stock_prices_stock_id_date" ON "stock_prices" ("stock_id", "date")[0m
  [4;35;1mSQL (0.000551)[0m   [0m SELECT name
 FROM sqlite_master
 WHERE type = 'table' AND NOT name = 'sqlite_sequence'
[0m
  [4;36;1mSQL (0.002222)[0m   [0;1mCREATE TABLE "stocks" ("id" INTEGER PRIMARY KEY AUTOINCREMENT NOT NULL, "market_id" integer NOT NULL, "name" varchar(255), "description" varchar(4000)) [0m
  [4;35;1mSQL (0.002332)[0m   [0mCREATE UNIQUE INDEX "stocks_name" ON "stocks" ("name")[0m
  [4;36;1mSQL (0.000679)[0m   [0;1m SELECT name
 FROM sqlite_master
 WHERE type = 'table' AND NOT name = 'sqlite_sequence'
[0m
  [4;35;1mSQL (0.002505)[0m   [0mCREATE TABLE "schema_migrations" ("version" varchar(255) NOT NULL) [0m
  [4;36;1mSQL (0.002566)[0m   [0;1mCREATE UNIQUE INDEX "unique_schema_migrations" ON "schema_migrations" ("version")[0m
  [4;35;1mSQL (0.000513)[0m   [0m SELECT name
 FROM sqlite_master
 WHERE type = 'table' AND NOT name = 'sqlite_sequence'
[0m
  [4;36;1mSQL (0.000157)[0m   [0;1mSELECT version FROM "schema_migrations"[0m
  [4;35;1mSQL (0.002098)[0m   [0mINSERT INTO "schema_migrations" (version) VALUES ('20081005211121')[0m
  [4;36;1mSQL (0.002311)[0m   [0;1mINSERT INTO "schema_migrations" (version) VALUES ('20081005192812')[0m
  [4;35;1mSQL (0.002702)[0m   [0mINSERT INTO "schema_migrations" (version) VALUES ('20081005194611')[0m
  [4;36;1mSQL (0.002606)[0m   [0;1mINSERT INTO "schema_migrations" (version) VALUES ('20081005195315')[0m
  [4;36;1mSQL (0.000425)[0m   [0;1m SELECT name
 FROM sqlite_master
 WHERE type = 'table' AND NOT name = 'sqlite_sequence'
[0m
  [4;35;1mSQL (0.000188)[0m   [0mselect sqlite_version(*)[0m
  [4;36;1mSQL (0.068611)[0m   [0;1mCREATE TABLE "schema_migrations" ("version" varchar(255) NOT NULL) [0m
  [4;35;1mSQL (0.001891)[0m   [0mCREATE UNIQUE INDEX "unique_schema_migrations" ON "schema_migrations" ("version")[0m
  [4;36;1mSQL (0.000295)[0m   [0;1m SELECT name
 FROM sqlite_master
 WHERE type = 'table' AND NOT name = 'sqlite_sequence'
[0m
  [4;35;1mSQL (0.000233)[0m   [0mSELECT version FROM schema_migrations[0m
Migrating to CreateMarkets (20081005192812)
  [4;36;1mSQL (0.002225)[0m   [0;1mCREATE TABLE "markets" ("id" INTEGER PRIMARY KEY AUTOINCREMENT NOT NULL, "name" varchar(255), "description" varchar(4000)) [0m
  [4;35;1mSQL (0.001900)[0m   [0mCREATE UNIQUE INDEX "markets_name" ON "markets" ("name")[0m
  [4;36;1mSQL (0.001965)[0m   [0;1mINSERT INTO schema_migrations (version) VALUES ('20081005192812')[0m
Migrating to CreateStocks (20081005194611)
  [4;35;1mSQL (0.002370)[0m   [0mCREATE TABLE "stocks" ("id" INTEGER PRIMARY KEY AUTOINCREMENT NOT NULL, "market_id" integer NOT NULL, "name" varchar(255), "description" varchar(4000)) [0m
  [4;36;1mSQL (0.002080)[0m   [0;1mCREATE UNIQUE INDEX "stocks_name" ON "stocks" ("name")[0m
  [4;35;1mSQL (0.002403)[0m   [0mINSERT INTO schema_migrations (version) VALUES ('20081005194611')[0m
Migrating to CreateStockPrices (20081005195315)
  [4;36;1mSQL (0.002511)[0m   [0;1mCREATE TABLE "stock_prices" ("id" INTEGER PRIMARY KEY AUTOINCREMENT NOT NULL, "stock_id" integer NOT NULL, "date" date NOT NULL, "open" integer, "close" integer, "high" integer, "low" integer) [0m
  [4;35;1mSQL (0.002410)[0m   [0mCREATE UNIQUE INDEX "stock_prices_stock_id_date" ON "stock_prices" ("stock_id", "date")[0m
  [4;36;1mSQL (0.002384)[0m   [0;1mINSERT INTO schema_migrations (version) VALUES ('20081005195315')[0m
Migrating to CreateMarketData (20081005211121)
  [4;35;1mSQL (0.003536)[0m   [0mCREATE TABLE "market_data" ("id" INTEGER PRIMARY KEY AUTOINCREMENT NOT NULL, "market_id" integer NOT NULL, "date" date NOT NULL, "open" decimal(5,2), "close" decimal(5,2), "high" decimal(5,2), "low" decimal(5,2)) [0m
  [4;36;1mSQL (0.002387)[0m   [0;1mCREATE UNIQUE INDEX "market_data_market_id_date" ON "market_data" ("market_id", "date")[0m
  [4;35;1mSQL (0.002489)[0m   [0mINSERT INTO schema_migrations (version) VALUES ('20081005211121')[0m
  [4;36;1mSQL (0.000644)[0m   [0;1m SELECT name
 FROM sqlite_master
 WHERE type = 'table' AND NOT name = 'sqlite_sequence'
[0m
  [4;35;1mSQL (0.000365)[0m   [0mSELECT version FROM schema_migrations[0m
  [4;36;1mSQL (0.000396)[0m   [0;1m SELECT name
 FROM sqlite_master
 WHERE type = 'table' AND NOT name = 'sqlite_sequence'
[0m
  [4;35;1mSQL (0.000186)[0m   [0mPRAGMA index_list("market_data")[0m
  [4;36;1mSQL (0.000236)[0m   [0;1mPRAGMA index_info('market_data_market_id_date')[0m
  [4;35;1mSQL (0.000152)[0m   [0mPRAGMA index_list("markets")[0m
  [4;36;1mSQL (0.000148)[0m   [0;1mPRAGMA index_info('markets_name')[0m
  [4;35;1mSQL (0.000177)[0m   [0mPRAGMA index_list("stock_prices")[0m
  [4;36;1mSQL (0.000212)[0m   [0;1mPRAGMA index_info('stock_prices_stock_id_date')[0m
  [4;35;1mSQL (0.000149)[0m   [0mPRAGMA index_list("stocks")[0m
  [4;36;1mSQL (0.000140)[0m   [0;1mPRAGMA index_info('stocks_name')[0m
  [4;35;1mSQL (0.000248)[0m   [0mselect sqlite_version(*)[0m
  [4;36;1mSQL (0.000373)[0m   [0;1m SELECT name
 FROM sqlite_master
 WHERE type = 'table' AND NOT name = 'sqlite_sequence'
[0m
  [4;35;1mSQL (0.002206)[0m   [0mCREATE TABLE "market_data" ("id" INTEGER PRIMARY KEY AUTOINCREMENT NOT NULL, "market_id" integer NOT NULL, "date" date NOT NULL, "open" decimal(5,2), "close" decimal(5,2), "high" decimal(5,2), "low" decimal(5,2)) [0m
  [4;36;1mSQL (0.001809)[0m   [0;1mCREATE UNIQUE INDEX "market_data_market_id_date" ON "market_data" ("market_id", "date")[0m
  [4;35;1mSQL (0.000302)[0m   [0m SELECT name
 FROM sqlite_master
 WHERE type = 'table' AND NOT name = 'sqlite_sequence'
[0m
  [4;36;1mSQL (0.001995)[0m   [0;1mCREATE TABLE "markets" ("id" INTEGER PRIMARY KEY AUTOINCREMENT NOT NULL, "name" varchar(255), "description" varchar(4000)) [0m
  [4;35;1mSQL (0.001953)[0m   [0mCREATE UNIQUE INDEX "markets_name" ON "markets" ("name")[0m
  [4;36;1mSQL (0.000484)[0m   [0;1m SELECT name
 FROM sqlite_master
 WHERE type = 'table' AND NOT name = 'sqlite_sequence'
[0m
  [4;35;1mSQL (0.001911)[0m   [0mCREATE TABLE "stock_prices" ("id" INTEGER PRIMARY KEY AUTOINCREMENT NOT NULL, "stock_id" integer NOT NULL, "date" date NOT NULL, "open" integer, "close" integer, "high" integer, "low" integer) [0m
  [4;36;1mSQL (0.002122)[0m   [0;1mCREATE UNIQUE INDEX "stock_prices_stock_id_date" ON "stock_prices" ("stock_id", "date")[0m
  [4;35;1mSQL (0.000486)[0m   [0m SELECT name
 FROM sqlite_master
 WHERE type = 'table' AND NOT name = 'sqlite_sequence'
[0m
  [4;36;1mSQL (0.001967)[0m   [0;1mCREATE TABLE "stocks" ("id" INTEGER PRIMARY KEY AUTOINCREMENT NOT NULL, "market_id" integer NOT NULL, "name" varchar(255), "description" varchar(4000)) [0m
  [4;35;1mSQL (0.001955)[0m   [0mCREATE UNIQUE INDEX "stocks_name" ON "stocks" ("name")[0m
  [4;36;1mSQL (0.000524)[0m   [0;1m SELECT name
 FROM sqlite_master
 WHERE type = 'table' AND NOT name = 'sqlite_sequence'
[0m
  [4;35;1mSQL (0.002091)[0m   [0mCREATE TABLE "schema_migrations" ("version" varchar(255) NOT NULL) [0m
  [4;36;1mSQL (0.002181)[0m   [0;1mCREATE UNIQUE INDEX "unique_schema_migrations" ON "schema_migrations" ("version")[0m
  [4;35;1mSQL (0.000667)[0m   [0m SELECT name
 FROM sqlite_master
 WHERE type = 'table' AND NOT name = 'sqlite_sequence'
[0m
  [4;36;1mSQL (0.000188)[0m   [0;1mSELECT version FROM "schema_migrations"[0m
  [4;35;1mSQL (0.002012)[0m   [0mINSERT INTO "schema_migrations" (version) VALUES ('20081005211121')[0m
  [4;36;1mSQL (0.002302)[0m   [0;1mINSERT INTO "schema_migrations" (version) VALUES ('20081005192812')[0m
  [4;35;1mSQL (0.002413)[0m   [0mINSERT INTO "schema_migrations" (version) VALUES ('20081005194611')[0m
  [4;36;1mSQL (0.002442)[0m   [0;1mINSERT INTO "schema_migrations" (version) VALUES ('20081005195315')[0m
  [4;36;1mSQL (0.000398)[0m   [0;1m SELECT name
 FROM sqlite_master
 WHERE type = 'table' AND NOT name = 'sqlite_sequence'
[0m
  [4;35;1mSQL (0.000193)[0m   [0mselect sqlite_version(*)[0m
  [4;36;1mSQL (0.079318)[0m   [0;1mCREATE TABLE "schema_migrations" ("version" varchar(255) NOT NULL) [0m
  [4;35;1mSQL (0.001937)[0m   [0mCREATE UNIQUE INDEX "unique_schema_migrations" ON "schema_migrations" ("version")[0m
  [4;36;1mSQL (0.000298)[0m   [0;1m SELECT name
 FROM sqlite_master
 WHERE type = 'table' AND NOT name = 'sqlite_sequence'
[0m
  [4;35;1mSQL (0.000234)[0m   [0mSELECT version FROM schema_migrations[0m
Migrating to CreateMarkets (20081005192812)
  [4;36;1mSQL (0.002015)[0m   [0;1mCREATE TABLE "markets" ("id" INTEGER PRIMARY KEY AUTOINCREMENT NOT NULL, "name" varchar(255), "description" varchar(4000)) [0m
  [4;35;1mSQL (0.002318)[0m   [0mCREATE UNIQUE INDEX "markets_name" ON "markets" ("name")[0m
  [4;36;1mSQL (0.001998)[0m   [0;1mINSERT INTO schema_migrations (version) VALUES ('20081005192812')[0m
Migrating to CreateStocks (20081005194611)
  [4;35;1mSQL (0.002166)[0m   [0mCREATE TABLE "stocks" ("id" INTEGER PRIMARY KEY AUTOINCREMENT NOT NULL, "market_id" integer NOT NULL, "name" varchar(255), "description" varchar(4000)) [0m
  [4;36;1mSQL (0.002393)[0m   [0;1mCREATE UNIQUE INDEX "stocks_name" ON "stocks" ("name")[0m
  [4;35;1mSQL (0.002045)[0m   [0mINSERT INTO schema_migrations (version) VALUES ('20081005194611')[0m
Migrating to CreateStockPrices (20081005195315)
  [4;36;1mSQL (0.002277)[0m   [0;1mCREATE TABLE "stock_prices" ("id" INTEGER PRIMARY KEY AUTOINCREMENT NOT NULL, "stock_id" integer NOT NULL, "date" date NOT NULL, "open" integer, "close" integer, "high" integer, "low" integer) [0m
  [4;35;1mSQL (0.003305)[0m   [0mCREATE UNIQUE INDEX "stock_prices_stock_id_date" ON "stock_prices" ("stock_id", "date")[0m
  [4;36;1mSQL (0.001654)[0m   [0;1mINSERT INTO schema_migrations (version) VALUES ('20081005195315')[0m
Migrating to CreateMarketData (20081005211121)
  [4;35;1mSQL (0.002110)[0m   [0mCREATE TABLE "market_data" ("id" INTEGER PRIMARY KEY AUTOINCREMENT NOT NULL, "market_id" integer NOT NULL, "date" date NOT NULL, "open" decimal(5,2), "close" decimal(5,2), "high" decimal(5,2), "low" decimal(5,2)) [0m
  [4;36;1mSQL (0.003836)[0m   [0;1mCREATE UNIQUE INDEX "market_data_market_id_date" ON "market_data" ("market_id", "date")[0m
  [4;35;1mSQL (0.001898)[0m   [0mINSERT INTO schema_migrations (version) VALUES ('20081005211121')[0m
  [4;36;1mSQL (0.000523)[0m   [0;1m SELECT name
 FROM sqlite_master
 WHERE type = 'table' AND NOT name = 'sqlite_sequence'
[0m
  [4;35;1mSQL (0.000327)[0m   [0mSELECT version FROM schema_migrations[0m
  [4;36;1mSQL (0.000386)[0m   [0;1m SELECT name
 FROM sqlite_master
 WHERE type = 'table' AND NOT name = 'sqlite_sequence'
[0m
  [4;35;1mSQL (0.000256)[0m   [0mPRAGMA index_list("market_data")[0m
  [4;36;1mSQL (0.000345)[0m   [0;1mPRAGMA index_info('market_data_market_id_date')[0m
  [4;35;1mSQL (0.000163)[0m   [0mPRAGMA index_list("markets")[0m
  [4;36;1mSQL (0.000158)[0m   [0;1mPRAGMA index_info('markets_name')[0m
  [4;35;1mSQL (0.000154)[0m   [0mPRAGMA index_list("stock_prices")[0m
  [4;36;1mSQL (0.000210)[0m   [0;1mPRAGMA index_info('stock_prices_stock_id_date')[0m
  [4;35;1mSQL (0.000137)[0m   [0mPRAGMA index_list("stocks")[0m
  [4;36;1mSQL (0.000136)[0m   [0;1mPRAGMA index_info('stocks_name')[0m
  [4;35;1mSQL (0.000195)[0m   [0mselect sqlite_version(*)[0m
  [4;36;1mSQL (0.000298)[0m   [0;1m SELECT name
 FROM sqlite_master
 WHERE type = 'table' AND NOT name = 'sqlite_sequence'
[0m
  [4;35;1mSQL (0.001952)[0m   [0mCREATE TABLE "market_data" ("id" INTEGER PRIMARY KEY AUTOINCREMENT NOT NULL, "market_id" integer NOT NULL, "date" date NOT NULL, "open" decimal(5,2), "close" decimal(5,2), "high" decimal(5,2), "low" decimal(5,2)) [0m
  [4;36;1mSQL (0.002166)[0m   [0;1mCREATE UNIQUE INDEX "market_data_market_id_date" ON "market_data" ("market_id", "date")[0m
  [4;35;1mSQL (0.000501)[0m   [0m SELECT name
 FROM sqlite_master
 WHERE type = 'table' AND NOT name = 'sqlite_sequence'
[0m
  [4;36;1mSQL (0.002213)[0m   [0;1mCREATE TABLE "markets" ("id" INTEGER PRIMARY KEY AUTOINCREMENT NOT NULL, "name" varchar(255), "description" varchar(4000)) [0m
  [4;35;1mSQL (0.002436)[0m   [0mCREATE UNIQUE INDEX "markets_name" ON "markets" ("name")[0m
  [4;36;1mSQL (0.000481)[0m   [0;1m SELECT name
 FROM sqlite_master
 WHERE type = 'table' AND NOT name = 'sqlite_sequence'
[0m
  [4;35;1mSQL (0.001965)[0m   [0mCREATE TABLE "stock_prices" ("id" INTEGER PRIMARY KEY AUTOINCREMENT NOT NULL, "stock_id" integer NOT NULL, "date" date NOT NULL, "open" integer, "close" integer, "high" integer, "low" integer) [0m
  [4;36;1mSQL (0.002339)[0m   [0;1mCREATE UNIQUE INDEX "stock_prices_stock_id_date" ON "stock_prices" ("stock_id", "date")[0m
  [4;35;1mSQL (0.000499)[0m   [0m SELECT name
 FROM sqlite_master
 WHERE type = 'table' AND NOT name = 'sqlite_sequence'
[0m
  [4;36;1mSQL (0.002527)[0m   [0;1mCREATE TABLE "stocks" ("id" INTEGER PRIMARY KEY AUTOINCREMENT NOT NULL, "market_id" integer NOT NULL, "name" varchar(255), "description" varchar(4000)) [0m
  [4;35;1mSQL (0.002528)[0m   [0mCREATE UNIQUE INDEX "stocks_name" ON "stocks" ("name")[0m
  [4;36;1mSQL (0.000819)[0m   [0;1m SELECT name
 FROM sqlite_master
 WHERE type = 'table' AND NOT name = 'sqlite_sequence'
[0m
  [4;35;1mSQL (0.002564)[0m   [0mCREATE TABLE "schema_migrations" ("version" varchar(255) NOT NULL) [0m
  [4;36;1mSQL (0.002929)[0m   [0;1mCREATE UNIQUE INDEX "unique_schema_migrations" ON "schema_migrations" ("version")[0m
  [4;35;1mSQL (0.000547)[0m   [0m SELECT name
 FROM sqlite_master
 WHERE type = 'table' AND NOT name = 'sqlite_sequence'
[0m
  [4;36;1mSQL (0.000149)[0m   [0;1mSELECT version FROM "schema_migrations"[0m
  [4;35;1mSQL (0.002334)[0m   [0mINSERT INTO "schema_migrations" (version) VALUES ('20081005211121')[0m
  [4;36;1mSQL (0.002944)[0m   [0;1mINSERT INTO "schema_migrations" (version) VALUES ('20081005192812')[0m
  [4;35;1mSQL (0.002601)[0m   [0mINSERT INTO "schema_migrations" (version) VALUES ('20081005194611')[0m
  [4;36;1mSQL (0.002488)[0m   [0;1mINSERT INTO "schema_migrations" (version) VALUES ('20081005195315')[0m
